<?xml version="1.0" encoding="UTF-8"?>
<robot generator="Robot 5.0.1 (Python 3.9.13 on win32)" generated="20221212 14:47:58.085" rpa="false" schemaversion="3">
<suite id="s1" name="Thiago" source="C:\Users\thiadolfov\Desktop\CTD\TestesQA\Aula23\thiago.robot">
<test id="s1-t1" name="Processo de Registro e login no site bugBank" line="7">
<kw name="Acessar o site" library="thiago">
<kw name="Open Browser" library="SeleniumLibrary">
<arg>${SITE}</arg>
<arg>${NAVEGADOR}</arg>
<doc>Opens a new browser instance to the optional ``url``.</doc>
<msg timestamp="20221212 14:47:58.517" level="INFO">Opening browser 'Chrome' to base url 'https://bugbank.netlify.app/'.</msg>
<msg timestamp="20221212 14:48:02.637" level="INFO">Cannot capture screenshot because no browser is open.</msg>
<msg timestamp="20221212 14:48:02.639" level="FAIL">SessionNotCreatedException: Message: session not created: This version of ChromeDriver only supports Chrome version 103
Current browser version is 108.0.5359.99 with binary path C:\Program Files (x86)\Google\Chrome\Application\chrome.exe
Stacktrace:
Backtrace:
	Ordinal0 [0x00C16463+2188387]
	Ordinal0 [0x00BAE461+1762401]
	Ordinal0 [0x00AC3D78+802168]
	Ordinal0 [0x00AE4E59+937561]
	Ordinal0 [0x00AE0A6C+920172]
	Ordinal0 [0x00ADE331+910129]
	Ordinal0 [0x00B11430+1119280]
	Ordinal0 [0x00B1108A+1118346]
	Ordinal0 [0x00B0C5F6+1099254]
	Ordinal0 [0x00AE6BE0+945120]
	Ordinal0 [0x00AE7AD6+948950]
	GetHandleVerifier [0x00EB71F2+2712546]
	GetHandleVerifier [0x00EA886D+2652765]
	GetHandleVerifier [0x00CA002A+520730]
	GetHandleVerifier [0x00C9EE06+516086]
	Ordinal0 [0x00BB468B+1787531]
	Ordinal0 [0x00BB8E88+1805960]
	Ordinal0 [0x00BB8F75+1806197]
	Ordinal0 [0x00BC1DF1+1842673]
	BaseThreadInitThunk [0x75F27BA9+25]
	RtlInitializeExceptionChain [0x776DBB9B+107]
	RtlClearBits [0x776DBB1F+191]
</msg>
<status status="FAIL" starttime="20221212 14:47:58.517" endtime="20221212 14:48:02.661"/>
</kw>
<kw name="Maximize Browser Window" library="SeleniumLibrary">
<doc>Maximizes current browser window.</doc>
<status status="NOT RUN" starttime="20221212 14:48:02.662" endtime="20221212 14:48:02.662"/>
</kw>
<status status="FAIL" starttime="20221212 14:47:58.516" endtime="20221212 14:48:02.663"/>
</kw>
<kw name="Clicar em 'Registrar'" library="thiago">
<status status="NOT RUN" starttime="20221212 14:48:02.664" endtime="20221212 14:48:02.664"/>
</kw>
<kw name="Registrar novo usuario" library="thiago">
<status status="NOT RUN" starttime="20221212 14:48:02.664" endtime="20221212 14:48:02.664"/>
</kw>
<kw name="Fazer login" library="thiago">
<status status="NOT RUN" starttime="20221212 14:48:02.665" endtime="20221212 14:48:02.665"/>
</kw>
<status status="FAIL" starttime="20221212 14:47:58.515" endtime="20221212 14:48:02.666">SessionNotCreatedException: Message: session not created: This version of ChromeDriver only supports Chrome version 103
Current browser version is 108.0.5359.99 with binary path C:\Program Files (x86)\Google\Chrome\Application\chrome.exe
Stacktrace:
Backtrace:
	Ordinal0 [0x00C16463+2188387]
	Ordinal0 [0x00BAE461+1762401]
	Ordinal0 [0x00AC3D78+802168]
	Ordinal0 [0x00AE4E59+937561]
	Ordinal0 [0x00AE0A6C+920172]
	Ordinal0 [0x00ADE331+910129]
	Ordinal0 [0x00B11430+1119280]
	Ordinal0 [0x00B1108A+1118346]
	Ordinal0 [0x00B0C5F6+1099254]
	Ordinal0 [0x00AE6BE0+945120]
	Ordinal0 [0x00AE7AD6+948950]
	GetHandleVerifier [0x00EB71F2+2712546]
	GetHandleVerifier [0x00EA886D+2652765]
	GetHandleVerifier [0x00CA002A+520730]
	GetHandleVerifier [0x00C9EE06+516086]
	Ordinal0 [0x00BB468B+1787531]
	Ordinal0 [0x00BB8E88+1805960]
	Ordinal0 [0x00BB8F75+1806197]
	Ordinal0 [0x00BC1DF1+1842673]
	BaseThreadInitThunk [0x75F27BA9+25]
	RtlInitializeExceptionChain [0x776DBB9B+107]
	RtlClearBits [0x776DBB1F+191]
</status>
</test>
<status status="FAIL" starttime="20221212 14:47:58.087" endtime="20221212 14:48:02.672"/>
</suite>
<statistics>
<total>
<stat pass="0" fail="1" skip="0">All Tests</stat>
</total>
<tag>
</tag>
<suite>
<stat pass="0" fail="1" skip="0" id="s1" name="Thiago">Thiago</stat>
</suite>
</statistics>
<errors>
</errors>
</robot>
