<?xml version="1.0" encoding="UTF-8"?>
<robot generator="Robot 5.0.1 (Python 3.9.13 on win32)" generated="20220706 22:46:18.312" rpa="false" schemaversion="3">
<suite id="s1" name="Thiago" source="C:\Users\thiadolfov\Desktop\CTD\TestesQA\Aula23\thiago.robot">
<test id="s1-t1" name="Processo de Registro e login no site bugBank" line="7">
<kw name="Acessar o site" library="thiago">
<kw name="Open Browser" library="SeleniumLibrary">
<arg>${SITE}</arg>
<arg>${NAVEGADOR}</arg>
<doc>Opens a new browser instance to the optional ``url``.</doc>
<msg timestamp="20220706 22:46:18.721" level="INFO">Opening browser 'Chrome' to base url 'https://bugbank.netlify.app/'.</msg>
<status status="PASS" starttime="20220706 22:46:18.720" endtime="20220706 22:46:21.019"/>
</kw>
<kw name="Maximize Browser Window" library="SeleniumLibrary">
<doc>Maximizes current browser window.</doc>
<status status="PASS" starttime="20220706 22:46:21.019" endtime="20220706 22:46:21.189"/>
</kw>
<status status="PASS" starttime="20220706 22:46:18.720" endtime="20220706 22:46:21.190"/>
</kw>
<kw name="Clicar em 'Registrar'" library="thiago">
<kw name="Wait and Click" library="thiago">
<arg>${BOTAO_REGISTRAR}</arg>
<kw name="Wait Until Element Is Visible" library="SeleniumLibrary">
<arg>${ELEMENTO}</arg>
<doc>Waits until the element ``locator`` is visible.</doc>
<status status="PASS" starttime="20220706 22:46:21.193" endtime="20220706 22:46:21.341"/>
</kw>
<kw name="Click Element" library="SeleniumLibrary">
<arg>${ELEMENTO}</arg>
<doc>Click the element identified by ``locator``.</doc>
<msg timestamp="20220706 22:46:21.342" level="INFO">Clicking element 'css=#__next &gt; div &gt; div.pages__FormBackground-sc-1ee1f2s-2.jNpkvU &gt; div &gt; div.card__login &gt; form &gt; div.login__buttons &gt; button.style__ContainerButton-sc-1wsixal-0.ihdmxA.button__child'.</msg>
<status status="PASS" starttime="20220706 22:46:21.341" endtime="20220706 22:46:21.550"/>
</kw>
<status status="PASS" starttime="20220706 22:46:21.192" endtime="20220706 22:46:21.552"/>
</kw>
<status status="PASS" starttime="20220706 22:46:21.191" endtime="20220706 22:46:21.552"/>
</kw>
<kw name="Registrar novo usuario" library="thiago">
<kw name="Wait and Input Text" library="thiago">
<arg>${CAMPO_NOVO_EMAIL}</arg>
<arg>${NOVO_EMAIL}</arg>
<kw name="Wait Until Element Is Visible" library="SeleniumLibrary">
<arg>${CAMPO}</arg>
<doc>Waits until the element ``locator`` is visible.</doc>
<status status="PASS" starttime="20220706 22:46:21.562" endtime="20220706 22:46:21.639"/>
</kw>
<kw name="Input Text" library="SeleniumLibrary">
<arg>${CAMPO}</arg>
<arg>${TEXTO}</arg>
<doc>Types the given ``text`` into the text field identified by ``locator``.</doc>
<msg timestamp="20220706 22:46:21.640" level="INFO">Typing text 'thiago@gmail.com' into text field 'name=email'.</msg>
<status status="PASS" starttime="20220706 22:46:21.639" endtime="20220706 22:46:22.018"/>
</kw>
<status status="PASS" starttime="20220706 22:46:21.557" endtime="20220706 22:46:22.019"/>
</kw>
<kw name="Wait and Input Text" library="thiago">
<arg>${CAMPO_NOVO_NOME}</arg>
<arg>${NOVO_NOME}</arg>
<kw name="Wait Until Element Is Visible" library="SeleniumLibrary">
<arg>${CAMPO}</arg>
<doc>Waits until the element ``locator`` is visible.</doc>
<status status="PASS" starttime="20220706 22:46:22.020" endtime="20220706 22:46:22.081"/>
</kw>
<kw name="Input Text" library="SeleniumLibrary">
<arg>${CAMPO}</arg>
<arg>${TEXTO}</arg>
<doc>Types the given ``text`` into the text field identified by ``locator``.</doc>
<msg timestamp="20220706 22:46:22.083" level="INFO">Typing text 'thiago' into text field 'name=name'.</msg>
<status status="PASS" starttime="20220706 22:46:22.082" endtime="20220706 22:46:22.275"/>
</kw>
<status status="PASS" starttime="20220706 22:46:22.019" endtime="20220706 22:46:22.276"/>
</kw>
<kw name="Wait and Input Text" library="thiago">
<arg>${CAMPO_NOVA_SENHA}</arg>
<arg>${NOVA_SENHA}</arg>
<kw name="Wait Until Element Is Visible" library="SeleniumLibrary">
<arg>${CAMPO}</arg>
<doc>Waits until the element ``locator`` is visible.</doc>
<status status="PASS" starttime="20220706 22:46:22.277" endtime="20220706 22:46:22.305"/>
</kw>
<kw name="Input Text" library="SeleniumLibrary">
<arg>${CAMPO}</arg>
<arg>${TEXTO}</arg>
<doc>Types the given ``text`` into the text field identified by ``locator``.</doc>
<msg timestamp="20220706 22:46:22.305" level="INFO">Typing text 'thiago@gmail.com' into text field 'name=password'.</msg>
<status status="PASS" starttime="20220706 22:46:22.305" endtime="20220706 22:46:22.450"/>
</kw>
<status status="PASS" starttime="20220706 22:46:22.276" endtime="20220706 22:46:22.450"/>
</kw>
<kw name="Wait and Input Text" library="thiago">
<arg>${CAMPO_CONFIRMA_SENHA}</arg>
<arg>${CONFIRMA_SENHA}</arg>
<kw name="Wait Until Element Is Visible" library="SeleniumLibrary">
<arg>${CAMPO}</arg>
<doc>Waits until the element ``locator`` is visible.</doc>
<status status="PASS" starttime="20220706 22:46:22.451" endtime="20220706 22:46:22.489"/>
</kw>
<kw name="Input Text" library="SeleniumLibrary">
<arg>${CAMPO}</arg>
<arg>${TEXTO}</arg>
<doc>Types the given ``text`` into the text field identified by ``locator``.</doc>
<msg timestamp="20220706 22:46:22.489" level="INFO">Typing text 'thiago@gmail.com' into text field 'name=passwordConfirmation'.</msg>
<status status="PASS" starttime="20220706 22:46:22.489" endtime="20220706 22:46:22.621"/>
</kw>
<status status="PASS" starttime="20220706 22:46:22.450" endtime="20220706 22:46:22.621"/>
</kw>
<kw name="Wait and Click" library="thiago">
<arg>${BOTAO_CADASTRAR}</arg>
<kw name="Wait Until Element Is Visible" library="SeleniumLibrary">
<arg>${ELEMENTO}</arg>
<doc>Waits until the element ``locator`` is visible.</doc>
<status status="PASS" starttime="20220706 22:46:22.622" endtime="20220706 22:46:22.651"/>
</kw>
<kw name="Click Element" library="SeleniumLibrary">
<arg>${ELEMENTO}</arg>
<doc>Click the element identified by ``locator``.</doc>
<msg timestamp="20220706 22:46:22.652" level="INFO">Clicking element 'css=#__next &gt; div &gt; div.pages__FormBackground-sc-1ee1f2s-2.jNpkvU &gt; div &gt; div.card__register &gt; form &gt; button'.</msg>
<status status="PASS" starttime="20220706 22:46:22.651" endtime="20220706 22:46:22.706"/>
</kw>
<status status="PASS" starttime="20220706 22:46:22.621" endtime="20220706 22:46:22.706"/>
</kw>
<status status="PASS" starttime="20220706 22:46:21.555" endtime="20220706 22:46:22.706"/>
</kw>
<kw name="Fazer login" library="thiago">
<kw name="Wait and Input Text" library="thiago">
<arg>${CAMPO_USUARIO}</arg>
<arg>${USUARIO}</arg>
<kw name="Wait Until Element Is Visible" library="SeleniumLibrary">
<arg>${CAMPO}</arg>
<doc>Waits until the element ``locator`` is visible.</doc>
<status status="PASS" starttime="20220706 22:46:22.710" endtime="20220706 22:46:22.732"/>
</kw>
<kw name="Input Text" library="SeleniumLibrary">
<arg>${CAMPO}</arg>
<arg>${TEXTO}</arg>
<doc>Types the given ``text`` into the text field identified by ``locator``.</doc>
<msg timestamp="20220706 22:46:22.732" level="INFO">Typing text 'thiago@gmail.com' into text field 'name=email'.</msg>
<status status="PASS" starttime="20220706 22:46:22.732" endtime="20220706 22:46:22.834"/>
</kw>
<status status="PASS" starttime="20220706 22:46:22.708" endtime="20220706 22:46:22.834"/>
</kw>
<kw name="Wait and Input Text" library="thiago">
<arg>${CAMPO_SENHA}</arg>
<arg>${SENHA}</arg>
<kw name="Wait Until Element Is Visible" library="SeleniumLibrary">
<arg>${CAMPO}</arg>
<doc>Waits until the element ``locator`` is visible.</doc>
<status status="PASS" starttime="20220706 22:46:22.834" endtime="20220706 22:46:22.849"/>
</kw>
<kw name="Input Text" library="SeleniumLibrary">
<arg>${CAMPO}</arg>
<arg>${TEXTO}</arg>
<doc>Types the given ``text`` into the text field identified by ``locator``.</doc>
<msg timestamp="20220706 22:46:22.850" level="INFO">Typing text 'thiago@gmail.com' into text field 'name=password'.</msg>
<status status="PASS" starttime="20220706 22:46:22.850" endtime="20220706 22:46:22.952"/>
</kw>
<status status="PASS" starttime="20220706 22:46:22.834" endtime="20220706 22:46:22.953"/>
</kw>
<kw name="Wait and Click" library="thiago">
<arg>${BOTAO_ACESSAR}</arg>
<kw name="Wait Until Element Is Visible" library="SeleniumLibrary">
<arg>${ELEMENTO}</arg>
<doc>Waits until the element ``locator`` is visible.</doc>
<status status="PASS" starttime="20220706 22:46:22.954" endtime="20220706 22:46:22.979"/>
</kw>
<kw name="Click Element" library="SeleniumLibrary">
<arg>${ELEMENTO}</arg>
<doc>Click the element identified by ``locator``.</doc>
<msg timestamp="20220706 22:46:22.979" level="INFO">Clicking element 'css=#__next &gt; div &gt; div.pages__FormBackground-sc-1ee1f2s-2.jNpkvU &gt; div &gt; div.card__login &gt; form &gt; div.login__buttons &gt; button.style__ContainerButton-sc-1wsixal-0.otUnI.button__child'.</msg>
<msg timestamp="20220706 22:46:24.465" level="INFO" html="true">&lt;/td&gt;&lt;/tr&gt;&lt;tr&gt;&lt;td colspan="3"&gt;&lt;a href="selenium-screenshot-3.png"&gt;&lt;img src="selenium-screenshot-3.png" width="800px"&gt;&lt;/a&gt;</msg>
<msg timestamp="20220706 22:46:24.466" level="FAIL">ElementClickInterceptedException: Message: element click intercepted: Element &lt;button type="submit" class="style__ContainerButton-sc-1wsixal-0 otUnI button__child"&gt;...&lt;/button&gt; is not clickable at point (1322, 321). Other element would receive the click: &lt;div class="style__ContainerFieldInput-sc-s3e9ea-0 kOeYBn input__child"&gt;...&lt;/div&gt;
  (Session info: chrome=103.0.5060.114)
Stacktrace:
Backtrace:
	Ordinal0 [0x00F56463+2188387]
	Ordinal0 [0x00EEE461+1762401]
	Ordinal0 [0x00E03D78+802168]
	Ordinal0 [0x00E37F9B+1015707]
	Ordinal0 [0x00E35F68+1007464]
	Ordinal0 [0x00E33C6B+998507]
	Ordinal0 [0x00E329D9+993753]
	Ordinal0 [0x00E28613+951827]
	Ordinal0 [0x00E4C7DC+1099740]
	Ordinal0 [0x00E27FF4+950260]
	Ordinal0 [0x00E4C9F4+1100276]
	Ordinal0 [0x00E5CC22+1166370]
	Ordinal0 [0x00E4C5F6+1099254]
	Ordinal0 [0x00E26BE0+945120]
	Ordinal0 [0x00E27AD6+948950]
	GetHandleVerifier [0x011F71F2+2712546]
	GetHandleVerifier [0x011E886D+2652765]
	GetHandleVerifier [0x00FE002A+520730]
	GetHandleVerifier [0x00FDEE06+516086]
	Ordinal0 [0x00EF468B+1787531]
	Ordinal0 [0x00EF8E88+1805960]
	Ordinal0 [0x00EF8F75+1806197]
	Ordinal0 [0x00F01DF1+1842673]
	BaseThreadInitThunk [0x760E6739+25]
	RtlGetFullPathName_UEx [0x76F98FEF+1215]
	RtlGetFullPathName_UEx [0x76F98FBD+1165]
</msg>
<status status="FAIL" starttime="20220706 22:46:22.979" endtime="20220706 22:46:24.469"/>
</kw>
<status status="FAIL" starttime="20220706 22:46:22.953" endtime="20220706 22:46:24.470"/>
</kw>
<status status="FAIL" starttime="20220706 22:46:22.707" endtime="20220706 22:46:24.470"/>
</kw>
<status status="FAIL" starttime="20220706 22:46:18.719" endtime="20220706 22:46:24.471">ElementClickInterceptedException: Message: element click intercepted: Element &lt;button type="submit" class="style__ContainerButton-sc-1wsixal-0 otUnI button__child"&gt;...&lt;/button&gt; is not clickable at point (1322, 321). Other element would receive the click: &lt;div class="style__ContainerFieldInput-sc-s3e9ea-0 kOeYBn input__child"&gt;...&lt;/div&gt;
  (Session info: chrome=103.0.5060.114)
Stacktrace:
Backtrace:
	Ordinal0 [0x00F56463+2188387]
	Ordinal0 [0x00EEE461+1762401]
	Ordinal0 [0x00E03D78+802168]
	Ordinal0 [0x00E37F9B+1015707]
	Ordinal0 [0x00E35F68+1007464]
	Ordinal0 [0x00E33C6B+998507]
	Ordinal0 [0x00E329D9+993753]
	Ordinal0 [0x00E28613+951827]
	Ordinal0 [0x00E4C7DC+1099740]
	Ordinal0 [0x00E27FF4+950260]
	Ordinal0 [0x00E4C9F4+1100276]
	Ordinal0 [0x00E5CC22+1166370]
	Ordinal0 [0x00E4C5F6+1099254]
	Ordinal0 [0x00E26BE0+945120]
	Ordinal0 [0x00E27AD6+948950]
	GetHandleVerifier [0x011F71F2+2712546]
	GetHandleVerifier [0x011E886D+2652765]
	GetHandleVerifier [0x00FE002A+520730]
	GetHandleVerifier [0x00FDEE06+516086]
	Ordinal0 [0x00EF468B+1787531]
	Ordinal0 [0x00EF8E88+1805960]
	Ordinal0 [0x00EF8F75+1806197]
	Ordinal0 [0x00F01DF1+1842673]
	BaseThreadInitThunk [0x760E6739+25]
	RtlGetFullPathName_UEx [0x76F98FEF+1215]
	RtlGetFullPathName_UEx [0x76F98FBD+1165]
</status>
</test>
<status status="FAIL" starttime="20220706 22:46:18.317" endtime="20220706 22:46:24.477"/>
</suite>
<statistics>
<total>
<stat pass="0" fail="1" skip="0">All Tests</stat>
</total>
<tag>
</tag>
<suite>
<stat pass="0" fail="1" skip="0" id="s1" name="Thiago">Thiago</stat>
</suite>
</statistics>
<errors>
</errors>
</robot>
