<?xml version="1.0" encoding="UTF-8"?>
<coverage generated="1655774757809" clover="3.2.0">
  <project timestamp="1655774757812" name="All files">
    <metrics statements="5" coveredstatements="4" conditionals="0" coveredconditionals="0" methods="4" coveredmethods="3" elements="9" coveredelements="7" complexity="0" loc="5" ncloc="5" packages="1" files="1" classes="1"/>
    <file name="calc.js" path="C:\Users\thiadolfov\Desktop\CTD\TestesQA\Aula01\calc.js">
      <metrics statements="5" coveredstatements="4" conditionals="0" coveredconditionals="0" methods="4" coveredmethods="3"/>
      <line num="2" count="4" type="stmt"/>
      <line num="6" count="5" type="stmt"/>
      <line num="10" count="4" type="stmt"/>
      <line num="14" count="0" type="stmt"/>
      <line num="17" count="3" type="stmt"/>
    </file>
  </project>
</coverage>
